<?xml version="1.0" encoding="utf-8"?><testsuites name="pytest tests"><testsuite name="pytest" errors="0" failures="0" skipped="0" tests="201" time="18.649" timestamp="2026-08-29T12:31:52.454121-05:00" hostname="DESKTOP-PI346P2"><testcase classname="tests.test_corpus_r6_player_catalog_fixed_g0_adapter_v1" name="test_production_gcs_backend_404_and_generation_pinned_replay" time="0.001" /><testcase classname="tests.test_corpus_r6_player_catalog_fixed_g0_adapter_v1" name="test_production_gcs_backend_generation_match_zero_and_412" time="0.000" /><testcase classname="tests.test_corpus_r6_player_catalog_fixed_g0_adapter_v1" name="test_production_gcs_412_race_reopens_exact_winner[body-True]" time="0.001" /><testcase classname="tests.test_corpus_r6_player_catalog_fixed_g0_adapter_v1" name="test_production_gcs_412_race_reopens_exact_winner[other-False]" time="0.001" /><testcase classname="tests.test_corpus_r6_player_catalog_fixed_g0_adapter_v1" name="test_subprocess_git_repository_exact_current_clean_commands" time="0.002" /><testcase classname="tests.test_corpus_r6_player_catalog_fixed_g0_adapter_v1" name="test_subprocess_git_repository_rejects_dirty_before_head" time="0.001" /><testcase classname="tests.test_corpus_r6_player_catalog_fixed_g0_adapter_v1" name="test_fixed_public_surface_has_no_caller_selected_pins" time="0.000" /><testcase classname="tests.test_corpus_r6_player_catalog_fixed_g0_adapter_v1" name="test_public_entry_point_rejects_coherent_fixture_root" time="0.112" /><testcase classname="tests.test_corpus_r6_player_catalog_fixed_g0_adapter_v1" name="test_fixed_constants_pin_reviewed_identities" time="0.000" /><testcase classname="tests.test_corpus_r6_player_catalog_fixed_g0_adapter_v1" name="test_fixed_identity_maps_cannot_be_mutated_by_caller" time="0.000" /><testcase classname="tests.test_corpus_r6_player_catalog_fixed_g0_adapter_v1" name="test_preliminary_lock_builder_is_deterministic_and_self_validating" time="0.131" /><testcase classname="tests.test_corpus_r6_player_catalog_fixed_g0_adapter_v1" name="test_preliminary_lock_builder_rejects_missing_approval[False-True]" time="0.130" /><testcase classname="tests.test_corpus_r6_player_catalog_fixed_g0_adapter_v1" name="test_preliminary_lock_builder_rejects_missing_approval[True-False]" time="0.109" /><testcase classname="tests.test_corpus_r6_player_catalog_fixed_g0_adapter_v1" name="test_preliminary_lock_candidate_rejects_coherent_tamper" time="0.131" /><testcase classname="tests.test_corpus_r6_player_catalog_fixed_g0_adapter_v1" name="test_preliminary_lock_rejects_coherently_rehashed_invocation_erasure" time="0.103" /><testcase classname="tests.test_corpus_r6_player_catalog_fixed_g0_adapter_v1" name="test_adapter_review_lock_reopens_separate_code_commit_before_cloud" time="0.126" /><testcase classname="tests.test_corpus_r6_player_catalog_fixed_g0_adapter_v1" name="test_adapter_review_lock_rejects_changed_implementation_before_cloud" time="0.119" /><testcase classname="tests.test_corpus_r6_player_catalog_fixed_g0_adapter_v1" name="test_adapter_review_lock_rejects_correction_evidence_drift_before_cloud[reports/2026-08-26-r6-fixed-g0-focused-test-failure-summary.md]" time="0.109" /><testcase classname="tests.test_corpus_r6_player_catalog_fixed_g0_adapter_v1" name="test_adapter_review_lock_rejects_correction_evidence_drift_before_cloud[reports/2026-08-26-r6-fixed-g0-focused-test-correction-addendum.md]" time="0.118" /><testcase classname="tests.test_corpus_r6_player_catalog_fixed_g0_adapter_v1" name="test_adapter_review_lock_rejects_correction_evidence_drift_before_cloud[reports/2026-08-26-r6-fixed-g0-second-focused-test-correction-addendum.md]" time="0.100" /><testcase classname="tests.test_corpus_r6_player_catalog_fixed_g0_adapter_v1" name="test_adapter_review_lock_rejects_correction_evidence_drift_before_cloud[reports/2026-08-26-r6-fixed-g0-final-corrective-focused-test-output.txt]" time="0.117" /><testcase classname="tests.test_corpus_r6_player_catalog_fixed_g0_adapter_v1" name="test_adapter_review_lock_rejects_boolean_integer_substitution[focused_test_invocation_count-True]" time="0.136" /><testcase classname="tests.test_corpus_r6_player_catalog_fixed_g0_adapter_v1" name="test_adapter_review_lock_rejects_boolean_integer_substitution[p0_open_count-False]" time="0.148" /><testcase classname="tests.test_corpus_r6_player_catalog_fixed_g0_adapter_v1" name="test_preliminary_review_lock_cannot_license_54_task_publication[projection_only_publication_reviewed]" time="0.120" /><testcase classname="tests.test_corpus_r6_player_catalog_fixed_g0_adapter_v1" name="test_preliminary_review_lock_cannot_license_54_task_publication[full_projection_release_licensed]" time="0.104" /><testcase classname="tests.test_corpus_r6_player_catalog_fixed_g0_adapter_v1" name="test_preliminary_review_lock_cannot_license_54_task_publication[gcs_mutation_licensed]" time="0.131" /><testcase classname="tests.test_corpus_r6_player_catalog_fixed_g0_adapter_v1" name="test_production_review_resolver_replays_current_clean_head" time="0.126" /><testcase classname="tests.test_corpus_r6_player_catalog_fixed_g0_adapter_v1" name="test_production_review_resolver_rejects_current_runtime_code_drift[src/nfl_dfs/research/corpus_r6_player_catalog_fixed_g0_adapter_v1.py]" time="0.126" /><testcase classname="tests.test_corpus_r6_player_catalog_fixed_g0_adapter_v1" name="test_production_review_resolver_rejects_current_runtime_code_drift[tests/test_corpus_r6_player_catalog_fixed_g0_adapter_v1.py]" time="0.138" /><testcase classname="tests.test_corpus_r6_player_catalog_fixed_g0_adapter_v1" name="test_production_review_resolver_rejects_current_runtime_code_drift[src/nfl_dfs/research/corpus_r6_player_catalog_v1.py]" time="0.112" /><testcase classname="tests.test_corpus_r6_player_catalog_fixed_g0_adapter_v1" name="test_production_review_resolver_rejects_current_runtime_code_drift[src/nfl_dfs/research/corpus_parametric_batch.py]" time="0.111" /><testcase classname="tests.test_corpus_r6_player_catalog_fixed_g0_adapter_v1" name="test_preliminary_lock_production_builder_measures_git_and_writes_once" time="0.144" /><testcase classname="tests.test_corpus_r6_player_catalog_fixed_g0_adapter_v1" name="test_preliminary_lock_wrong_output_or_dirty_git_writes_nothing" time="0.001" /><testcase classname="tests.test_corpus_r6_player_catalog_fixed_g0_adapter_v1" name="test_production_entry_missing_final_lock_constructs_no_cloud_client" time="0.001" /><testcase classname="tests.test_corpus_r6_player_catalog_fixed_g0_adapter_v1" name="test_production_entry_parked_before_git_or_cloud" time="0.000" /><testcase classname="tests.test_corpus_r6_player_catalog_fixed_g0_adapter_v1" name="test_task0_smoke_reopens_only_exact_task0_evidence" time="0.204" /><testcase classname="tests.test_corpus_r6_player_catalog_fixed_g0_adapter_v1" name="test_task0_attempt_marker_rejects_coherently_rehashed_widening[reserved_before_cloud_contact-False]" time="0.121" /><testcase classname="tests.test_corpus_r6_player_catalog_fixed_g0_adapter_v1" name="test_task0_attempt_marker_rejects_coherently_rehashed_widening[gcs_publication_count-True]" time="0.123" /><testcase classname="tests.test_corpus_r6_player_catalog_fixed_g0_adapter_v1" name="test_task0_attempt_marker_rejects_coherently_rehashed_widening[full_projection_release_licensed-True]" time="0.116" /><testcase classname="tests.test_corpus_r6_player_catalog_fixed_g0_adapter_v1" name="test_restricted_smoke_cannot_select_a_caller_shaped_task_set[ordinals0]" time="0.106" /><testcase classname="tests.test_corpus_r6_player_catalog_fixed_g0_adapter_v1" name="test_restricted_smoke_cannot_select_a_caller_shaped_task_set[ordinals1]" time="0.111" /><testcase classname="tests.test_corpus_r6_player_catalog_fixed_g0_adapter_v1" name="test_restricted_smoke_cannot_select_a_caller_shaped_task_set[ordinals2]" time="0.097" /><testcase classname="tests.test_corpus_r6_player_catalog_fixed_g0_adapter_v1" name="test_task0_smoke_receipt_rejects_coherently_rehashed_authority_widening[full_projection_release_licensed-True]" time="0.180" /><testcase classname="tests.test_corpus_r6_player_catalog_fixed_g0_adapter_v1" name="test_task0_smoke_receipt_rejects_coherently_rehashed_authority_widening[gcs_publication_count-1]" time="0.192" /><testcase classname="tests.test_corpus_r6_player_catalog_fixed_g0_adapter_v1" name="test_task0_smoke_receipt_rejects_coherently_rehashed_authority_widening[invocation_count-True]" time="0.184" /><testcase classname="tests.test_corpus_r6_player_catalog_fixed_g0_adapter_v1" name="test_final_release_lock_reopens_smoke_and_runtime_closure_before_cloud" time="0.187" /><testcase classname="tests.test_corpus_r6_player_catalog_fixed_g0_adapter_v1" name="test_final_release_lock_builder_is_deterministic_and_requires_approval" time="0.189" /><testcase classname="tests.test_corpus_r6_player_catalog_fixed_g0_adapter_v1" name="test_final_lock_production_builder_replays_tracked_inputs_and_writes_once" time="0.224" /><testcase classname="tests.test_corpus_r6_player_catalog_fixed_g0_adapter_v1" name="test_final_lock_production_builder_rejects_current_code_drift_before_write" time="0.226" /><testcase classname="tests.test_corpus_r6_player_catalog_fixed_g0_adapter_v1" name="test_lock_builder_dangling_symlink_blocks_before_git_or_cloud[reports/2026-08-26-r6-player-catalog-fixed-g0-adapter-review-lock.json-preliminary]" time="0.001" /><testcase classname="tests.test_corpus_r6_player_catalog_fixed_g0_adapter_v1" name="test_lock_builder_dangling_symlink_blocks_before_git_or_cloud[reports/2026-08-26-r6-player-catalog-fixed-g0-final-release-lock.json-final]" time="0.001" /><testcase classname="tests.test_corpus_r6_player_catalog_fixed_g0_adapter_v1" name="test_final_release_lock_rejects_tracked_smoke_drift" time="0.191" /><testcase classname="tests.test_corpus_r6_player_catalog_fixed_g0_adapter_v1" name="test_final_release_lock_rejects_tracked_attempt_marker_drift" time="0.194" /><testcase classname="tests.test_corpus_r6_player_catalog_fixed_g0_adapter_v1" name="test_final_release_lock_rejects_current_batch_dependency_drift" time="0.188" /><testcase classname="tests.test_corpus_r6_player_catalog_fixed_g0_adapter_v1" name="test_final_release_lock_rejects_coherently_rehashed_widening[gcs_overwrite_licensed-True]" time="0.184" /><testcase classname="tests.test_corpus_r6_player_catalog_fixed_g0_adapter_v1" name="test_final_release_lock_rejects_coherently_rehashed_widening[required_source_task_count-True]" time="0.221" /><testcase classname="tests.test_corpus_r6_player_catalog_fixed_g0_adapter_v1" name="test_final_release_lock_rejects_coherently_rehashed_widening[unexpected_authority-True]" time="0.199" /><testcase classname="tests.test_corpus_r6_player_catalog_fixed_g0_adapter_v1" name="test_task0_smoke_production_writes_one_fixed_local_receipt" time="0.191" /><testcase classname="tests.test_corpus_r6_player_catalog_fixed_g0_adapter_v1" name="test_task0_smoke_recovery_lock_preserves_preclient_v1_failure" time="0.088" /><testcase classname="tests.test_corpus_r6_player_catalog_fixed_g0_adapter_v1" name="test_task0_smoke_recovery_lock_rejects_coherent_history_widening[v1_exit_before_cloud_read-False]" time="0.088" /><testcase classname="tests.test_corpus_r6_player_catalog_fixed_g0_adapter_v1" name="test_task0_smoke_recovery_lock_rejects_coherent_history_widening[v1_cloud_read_count-1]" time="0.094" /><testcase classname="tests.test_corpus_r6_player_catalog_fixed_g0_adapter_v1" name="test_task0_smoke_recovery_lock_rejects_coherent_history_widening[v2_invocation_count_max-2]" time="0.124" /><testcase classname="tests.test_corpus_r6_player_catalog_fixed_g0_adapter_v1" name="test_task0_smoke_recovery_lock_rejects_coherent_history_widening[lifetime_invocation_count_max-3]" time="0.110" /><testcase classname="tests.test_corpus_r6_player_catalog_fixed_g0_adapter_v1" name="test_task0_smoke_recovery_lock_rejects_coherent_history_widening[third_invocation_allowed-True]" time="0.112" /><testcase classname="tests.test_corpus_r6_player_catalog_fixed_g0_adapter_v1" name="test_task0_smoke_recovery_lock_rejects_coherent_history_widening[gcs_mutation_licensed-True]" time="0.097" /><testcase classname="tests.test_corpus_r6_player_catalog_fixed_g0_adapter_v1" name="test_task0_smoke_attempt_v2_binds_both_lifetime_attempts" time="0.090" /><testcase classname="tests.test_corpus_r6_player_catalog_fixed_g0_adapter_v1" name="test_task0_smoke_receipt_v2_binds_distinct_v2_attempt" time="0.288" /><testcase classname="tests.test_corpus_r6_player_catalog_fixed_g0_adapter_v1" name="test_task0_smoke_v2_reserves_before_client_and_cannot_retry" time="0.090" /><testcase classname="tests.test_corpus_r6_player_catalog_fixed_g0_adapter_v1" name="test_task0_smoke_v2_dangling_marker_blocks_before_git_or_client" time="0.001" /><testcase classname="tests.test_corpus_r6_player_catalog_fixed_g0_adapter_v1" name="test_task0_smoke_v2_missing_recovery_lock_writes_no_marker_or_client" time="0.001" /><testcase classname="tests.test_corpus_r6_player_catalog_fixed_g0_adapter_v1" name="test_task0_smoke_missing_review_writes_no_marker_and_contacts_no_cloud" time="0.001" /><testcase classname="tests.test_corpus_r6_player_catalog_fixed_g0_adapter_v1" name="test_task0_smoke_failed_first_read_consumes_attempt_before_retry" time="0.105" /><testcase classname="tests.test_corpus_r6_player_catalog_fixed_g0_adapter_v1" name="test_task0_smoke_post_read_crash_window_cannot_contact_gcs_twice" time="0.215" /><testcase classname="tests.test_corpus_r6_player_catalog_fixed_g0_adapter_v1" name="test_task0_smoke_dangling_local_symlink_blocks_before_git_or_cloud[reports/2026-08-26-r6-player-catalog-fixed-g0-task0-real-artifact-smoke-attempt.json]" time="0.001" /><testcase classname="tests.test_corpus_r6_player_catalog_fixed_g0_adapter_v1" name="test_task0_smoke_dangling_local_symlink_blocks_before_git_or_cloud[reports/2026-08-26-r6-player-catalog-fixed-g0-task0-real-artifact-smoke.json]" time="0.001" /><testcase classname="tests.test_corpus_r6_player_catalog_fixed_g0_adapter_v1" name="test_generation_exact_reader_ignores_newer_latest" time="0.000" /><testcase classname="tests.test_corpus_r6_player_catalog_fixed_g0_adapter_v1" name="test_generation_exact_reader_rejects_identity_drift[uri]" time="0.000" /><testcase classname="tests.test_corpus_r6_player_catalog_fixed_g0_adapter_v1" name="test_generation_exact_reader_rejects_identity_drift[generation]" time="0.000" /><testcase classname="tests.test_corpus_r6_player_catalog_fixed_g0_adapter_v1" name="test_generation_exact_reader_rejects_identity_drift[sha256]" time="0.000" /><testcase classname="tests.test_corpus_r6_player_catalog_fixed_g0_adapter_v1" name="test_generation_exact_reader_rejects_identity_drift[bytes]" time="0.000" /><testcase classname="tests.test_corpus_r6_player_catalog_fixed_g0_adapter_v1" name="test_generation_exact_reader_rejects_body_drift" time="0.000" /><testcase classname="tests.test_corpus_r6_player_catalog_fixed_g0_adapter_v1" name="test_create_once_new_object_uses_literal_zero_and_exact_reopens" time="0.000" /><testcase classname="tests.test_corpus_r6_player_catalog_fixed_g0_adapter_v1" name="test_create_once_identical_occupied_object_is_resumable" time="0.000" /><testcase classname="tests.test_corpus_r6_player_catalog_fixed_g0_adapter_v1" name="test_create_once_different_occupied_object_fails_without_overwrite" time="0.000" /><testcase classname="tests.test_corpus_r6_player_catalog_fixed_g0_adapter_v1" name="test_create_once_collision_reopens_winner[body-True]" time="0.000" /><testcase classname="tests.test_corpus_r6_player_catalog_fixed_g0_adapter_v1" name="test_create_once_collision_reopens_winner[other-False]" time="0.000" /><testcase classname="tests.test_corpus_r6_player_catalog_fixed_g0_adapter_v1" name="test_fixture_replay_derives_exact_54_projection_chain" time="0.247" /><testcase classname="tests.test_corpus_r6_player_catalog_fixed_g0_adapter_v1" name="test_fixture_all_54_carrier_world_hashes_match_completion_rows" time="0.102" /><testcase classname="tests.test_corpus_r6_player_catalog_fixed_g0_adapter_v1" name="test_task_carrier_rejects_completion_world_hash_substitution" time="0.090" /><testcase classname="tests.test_corpus_r6_player_catalog_fixed_g0_adapter_v1" name="test_task_acceptance_exact_reopen_rejects_invalid_embedded_self_hash" time="0.107" /><testcase classname="tests.test_corpus_r6_player_catalog_fixed_g0_adapter_v1" name="test_task_carrier_exact_reopen_rejects_invalid_embedded_self_hash" time="0.118" /><testcase classname="tests.test_corpus_r6_player_catalog_fixed_g0_adapter_v1" name="test_task_carrier_rejects_non_identity_world_schedule" time="0.091" /><testcase classname="tests.test_corpus_r6_player_catalog_fixed_g0_adapter_v1" name="test_fixture_replay_is_stable_across_latest_generation_drift" time="0.259" /><testcase classname="tests.test_corpus_r6_player_catalog_fixed_g0_adapter_v1" name="test_fixture_replay_missing_pinned_generation_fails" time="0.091" /><testcase classname="tests.test_corpus_r6_player_catalog_fixed_g0_adapter_v1" name="test_fixture_replay_rejects_committed_code_mutation" time="0.094" /><testcase classname="tests.test_corpus_r6_player_catalog_fixed_g0_adapter_v1" name="test_fixture_replay_rejects_tracked_g0_mutation" time="0.127" /><testcase classname="tests.test_corpus_r6_player_catalog_fixed_g0_adapter_v1" name="test_panel_member_reorder_fails_even_when_panel_is_rehashed" time="0.118" /><testcase classname="tests.test_corpus_r6_player_catalog_fixed_g0_adapter_v1" name="test_panel_lane_mapping_mutation_fails_when_rehashed" time="0.106" /><testcase classname="tests.test_corpus_r6_player_catalog_fixed_g0_adapter_v1" name="test_later_source_realized_column_mutation_fails_when_rehashed" time="0.148" /><testcase classname="tests.test_corpus_r6_player_catalog_fixed_g0_adapter_v1" name="test_completion_task_catalog_mutation_fails_against_later_source" time="0.208" /><testcase classname="tests.test_corpus_r6_player_catalog_fixed_g0_adapter_v1" name="test_namespace_overlap_with_frozen_input_fails" time="0.249" /><testcase classname="tests.test_corpus_r6_player_catalog_fixed_g0_adapter_v1" name="test_reordered_lane_pins_fail_against_tracked_g0" time="0.105" /><testcase classname="tests.test_corpus_r6_player_catalog_fixed_g0_adapter_v1" name="test_authoritative_publication_request_fails_before_any_io" time="0.090" /><testcase classname="tests.test_corpus_r6_player_catalog_fixed_g0_adapter_v1" name="test_projection_publication_creates_54_pairs_release_and_receipt" time="0.557" /><testcase classname="tests.test_corpus_r6_player_catalog_fixed_g0_adapter_v1" name="test_projection_publication_second_run_is_byte_identical_resume" time="1.087" /><testcase classname="tests.test_corpus_r6_player_catalog_fixed_g0_adapter_v1" name="test_projection_publication_resumes_after_partial_create_failure" time="0.731" /><testcase classname="tests.test_corpus_r6_player_catalog_fixed_g0_adapter_v1" name="test_projection_publication_rejects_occupied_mutated_child" time="0.278" /><testcase classname="tests.test_corpus_r6_player_catalog_fixed_g0_adapter_v1" name="test_projection_semantic_failure_occurs_before_first_write" time="0.146" /><testcase classname="tests.test_corpus_r6_player_catalog_fixed_g0_adapter_v1" name="test_projection_last_task_failure_occurs_before_first_write" time="0.227" /><testcase classname="tests.test_corpus_r6_player_catalog_fixed_g0_adapter_v1" name="test_reopen_receipt_replays_all_54_catalogs" time="0.755" /><testcase classname="tests.test_corpus_r6_player_catalog_fixed_g0_adapter_v1" name="test_reopen_rejects_receipt_uri_substitution" time="0.716" /><testcase classname="tests.test_corpus_r6_player_catalog_fixed_g0_adapter_v1" name="test_reopen_rejects_coherent_alternate_final_release" time="0.764" /><testcase classname="tests.test_corpus_r6_player_catalog_fixed_g0_adapter_v1" name="test_reopen_pinned_old_receipt_ignores_new_latest_receipt" time="0.783" /><testcase classname="tests.test_corpus_r6_player_catalog_fixed_g0_adapter_v1" name="test_production_cli_status_is_closed_and_outcome_blind" time="0.002" /><testcase classname="tests.test_corpus_r6_player_catalog_fixed_g0_adapter_v1" name="test_lock_builder_cli_is_parked_without_explicit_build[argv0]" time="0.001" /><testcase classname="tests.test_corpus_r6_player_catalog_fixed_g0_adapter_v1" name="test_lock_builder_cli_is_parked_without_explicit_build[argv1]" time="0.001" /><testcase classname="tests.test_corpus_r6_player_catalog_fixed_g0_adapter_v1" name="test_lock_builder_cli_is_parked_without_explicit_build[argv2]" time="0.001" /><testcase classname="tests.test_corpus_r6_player_catalog_fixed_g0_adapter_v1" name="test_preliminary_lock_cli_uses_fixed_noncloud_builder" time="0.001" /><testcase classname="tests.test_corpus_r6_player_catalog_fixed_g0_adapter_v1" name="test_smoke_recovery_lock_cli_uses_fixed_noncloud_builder" time="0.002" /><testcase classname="tests.test_corpus_r6_player_catalog_fixed_g0_adapter_v1" name="test_final_lock_cli_uses_fixed_noncloud_builder" time="0.001" /><testcase classname="tests.test_corpus_r6_player_catalog_fixed_g0_adapter_v1" name="test_production_cli_requires_explicit_execute_before_entry" time="0.002" /><testcase classname="tests.test_corpus_r6_player_catalog_fixed_g0_adapter_v1" name="test_task0_smoke_v2_cli_requires_fixed_preflight_gate" time="0.002" /><testcase classname="tests.test_corpus_r6_player_catalog_fixed_g0_adapter_v1" name="test_task0_smoke_cli_requires_exact_preflight_gate" time="0.001" /><testcase classname="tests.test_corpus_r6_player_catalog_fixed_g0_adapter_v1" name="test_task0_smoke_cli_uses_only_fixed_production_entry" time="0.001" /><testcase classname="tests.test_corpus_r6_player_catalog_fixed_g0_adapter_v1" name="test_production_cli_execute_uses_only_closed_reviewed_entry" time="0.002" /><testcase classname="tests.test_corpus_r6_player_catalog_fixed_g0_projection_successor_v1" name="test_exact_old_final_and_projection_failure_evidence_reopen" time="0.007" /><testcase classname="tests.test_corpus_r6_player_catalog_fixed_g0_projection_successor_v1" name="test_old_final_outer_binding_rejects_one_byte_drift" time="0.005" /><testcase classname="tests.test_corpus_r6_player_catalog_fixed_g0_projection_successor_v1" name="test_old_final_semantic_mutation_fails_when_coherently_rehashed" time="0.004" /><testcase classname="tests.test_corpus_r6_player_catalog_fixed_g0_projection_successor_v1" name="test_old_final_base_adapter_review_exact_reopens_without_cloud" time="0.020" /><testcase classname="tests.test_corpus_r6_player_catalog_fixed_g0_projection_successor_v1" name="test_runtime_measurements_cover_only_adapter_catalog_batch_and_successor" time="0.000" /><testcase classname="tests.test_corpus_r6_player_catalog_fixed_g0_projection_successor_v1" name="test_static_case_counts_preserve_adapter_count_and_pin_successor_count" time="0.024" /><testcase classname="tests.test_corpus_r6_player_catalog_fixed_g0_projection_successor_v1" name="test_focused_argv_has_one_effective_quiet_flag_and_exact_environment" time="0.000" /><testcase classname="tests.test_corpus_r6_player_catalog_fixed_g0_projection_successor_v1" name="test_adapter_source_and_fixture_pin_false_top_level_claim" time="0.000" /><testcase classname="tests.test_corpus_r6_player_catalog_fixed_g0_projection_successor_v1" name="test_focused_output_accepts_exact_wrapped_progress_and_summary" time="0.000" /><testcase classname="tests.test_corpus_r6_player_catalog_fixed_g0_projection_successor_v1" name="test_focused_output_rejects_failure_marker" time="0.000" /><testcase classname="tests.test_corpus_r6_player_catalog_fixed_g0_projection_successor_v1" name="test_focused_output_rejects_incomplete_case_count" time="0.000" /><testcase classname="tests.test_corpus_r6_player_catalog_fixed_g0_projection_successor_v1" name="test_focused_output_rejects_warning_skip_or_extra_line" time="0.000" /><testcase classname="tests.test_corpus_r6_player_catalog_fixed_g0_projection_successor_v1" name="test_review_lock_round_trip_preserves_consumed_attempt_accounting" time="0.009" /><testcase classname="tests.test_corpus_r6_player_catalog_fixed_g0_projection_successor_v1" name="test_review_lock_rejects_coherent_early_projection_license" time="0.009" /><testcase classname="tests.test_corpus_r6_player_catalog_fixed_g0_projection_successor_v1" name="test_review_lock_rejects_coherent_prior_failure_erasure" time="0.008" /><testcase classname="tests.test_corpus_r6_player_catalog_fixed_g0_projection_successor_v1" name="test_final_lock_round_trip_licenses_only_one_corrected_projection" time="0.008" /><testcase classname="tests.test_corpus_r6_player_catalog_fixed_g0_projection_successor_v1" name="test_final_lock_rejects_coherent_third_projection_license" time="0.008" /><testcase classname="tests.test_corpus_r6_player_catalog_fixed_g0_projection_successor_v1" name="test_final_lock_rejects_coherent_authority_or_command_drift" time="0.011" /><testcase classname="tests.test_corpus_r6_player_catalog_fixed_g0_projection_successor_v1" name="test_local_lock_write_is_partial_write_safe_create_once_and_canonical" time="0.001" /><testcase classname="tests.test_corpus_r6_player_catalog_fixed_g0_projection_successor_v1" name="test_local_lock_path_rejects_symlink_parent" time="0.001" /><testcase classname="tests.test_corpus_r6_player_catalog_fixed_g0_projection_successor_v1" name="test_review_resolver_rejects_current_runtime_drift" time="0.001" /><testcase classname="tests.test_corpus_r6_player_catalog_fixed_g0_projection_successor_v1" name="test_production_projection_is_parked_before_repository_or_client" time="0.000" /><testcase classname="tests.test_corpus_r6_player_catalog_fixed_g0_projection_successor_v1" name="test_production_resolves_successor_final_before_client_and_forwards_adapter" time="0.000" /><testcase classname="tests.test_corpus_r6_player_catalog_fixed_g0_projection_successor_v1" name="test_attempt_marker_binds_final_lock_command_and_current_source_identity" time="0.011" /><testcase classname="tests.test_corpus_r6_player_catalog_fixed_g0_projection_successor_v1" name="test_failed_reserved_attempt_cannot_retry_or_recontact_cloud" time="0.011" /><testcase classname="tests.test_corpus_r6_player_catalog_fixed_g0_projection_successor_v1" name="test_cli_status_exposes_no_smoke_outcome_or_third_attempt" time="0.004" /><testcase classname="tests.test_run_corpus_r6_fixed_g0_catalog_recovery_v1" name="test_smoke_emits_exact_allowlisted_read_manifest" time="0.002" /><testcase classname="tests.test_run_corpus_r6_fixed_g0_catalog_recovery_v1" name="test_transport_runtime_denies_forbidden_unallowlisted_body[world-matrix]" time="0.001" /><testcase classname="tests.test_run_corpus_r6_fixed_g0_catalog_recovery_v1" name="test_transport_runtime_denies_forbidden_unallowlisted_body[world-schedule]" time="0.000" /><testcase classname="tests.test_run_corpus_r6_fixed_g0_catalog_recovery_v1" name="test_transport_runtime_denies_forbidden_unallowlisted_body[result-object]" time="0.001" /><testcase classname="tests.test_run_corpus_r6_fixed_g0_catalog_recovery_v1" name="test_panel_body_cannot_auto_authorize_unplanned_source_uri" time="0.000" /><testcase classname="tests.test_run_corpus_r6_fixed_g0_catalog_recovery_v1" name="test_read_only_transport_denies_output_contact_before_base" time="0.000" /><testcase classname="tests.test_run_corpus_r6_fixed_g0_catalog_recovery_v1" name="test_publish_transport_denies_unplanned_and_premature_outer_zero_contact" time="0.001" /><testcase classname="tests.test_run_corpus_r6_fixed_g0_catalog_recovery_v1" name="test_reopen_rejects_nonfixed_outer_before_context_or_backend" time="0.001" /><testcase classname="tests.test_run_corpus_r6_fixed_g0_catalog_recovery_v1" name="test_runtime_origin_check_rejects_foreign_runner" time="0.524" /><testcase classname="tests.test_run_corpus_r6_fixed_g0_catalog_recovery_v1" name="test_empty_prefix_evidence_requires_observed_zero_inventory" time="0.001" /><testcase classname="tests.test_run_corpus_r6_fixed_g0_catalog_recovery_v1" name="test_production_empty_prefix_census_uses_real_backend_list_and_fails_nonempty" time="0.001" /><testcase classname="tests.test_run_corpus_r6_fixed_g0_catalog_recovery_v1" name="test_cli_atomically_persists_smoke_and_empty_prefix_evidence" time="0.003" /><testcase classname="tests.test_run_corpus_r6_fixed_g0_catalog_recovery_v1" name="test_recovery_gcs_backend_list_blobs_empty_and_canonical_order" time="0.000" /><testcase classname="tests.test_run_corpus_r6_fixed_g0_catalog_recovery_v1" name="test_recovery_gcs_backend_rejects_malformed_list_metadata[None-1-valid.json]" time="0.000" /><testcase classname="tests.test_run_corpus_r6_fixed_g0_catalog_recovery_v1" name="test_recovery_gcs_backend_rejects_malformed_list_metadata[1-None-valid.json]" time="0.000" /><testcase classname="tests.test_run_corpus_r6_fixed_g0_catalog_recovery_v1" name="test_recovery_gcs_backend_rejects_malformed_list_metadata[1-1-../escape.json]" time="0.000" /><testcase classname="tests.test_run_corpus_r6_fixed_g0_catalog_recovery_v1" name="test_focused_test_receipt_rejects_fabricated_three_case_scope" time="0.001" /><testcase classname="tests.test_run_corpus_r6_fixed_g0_catalog_recovery_v1" name="test_closed_focused_runner_owns_constant_argv_exit_and_junit" time="0.001" /><testcase classname="tests.test_run_corpus_r6_fixed_g0_catalog_recovery_v1" name="test_local_authority_create_is_atomic_exact_resumable_and_collision_safe" time="0.001" /><testcase classname="tests.test_run_corpus_r6_fixed_g0_catalog_recovery_v1" name="test_git_ancestry_rejects_unrelated_commits" time="0.000" /><testcase classname="tests.test_run_corpus_r6_fixed_g0_catalog_recovery_v1" name="test_mutation_boundary_has_no_caller_capability_parameters" time="0.000" /><testcase classname="tests.test_run_corpus_r6_fixed_g0_catalog_recovery_v1" name="test_mutation_boundary_resolves_tracked_authority_before_backend" time="0.001" /><testcase classname="tests.test_run_corpus_r6_fixed_g0_catalog_recovery_v1" name="test_mutation_boundary_env_gate_precedes_repository_and_backend" time="0.001" /><testcase classname="tests.test_run_corpus_r6_fixed_g0_catalog_recovery_v1" name="test_tracked_attempt_uses_introduction_commit_across_head_advancement" time="0.002" /><testcase classname="tests.test_run_corpus_r6_fixed_g0_catalog_recovery_v1" name="test_resolved_attempt_rejects_unrelated_head_and_introduced_byte_change" time="0.003" /><testcase classname="tests.test_run_corpus_r6_fixed_g0_catalog_recovery_v1" name="test_remote_durability_is_exactly_origin_main_and_rejects_unreachable" time="0.000" /><testcase classname="tests.test_run_corpus_r6_fixed_g0_catalog_recovery_v1" name="test_outer_bytes_and_validation_survive_head_advancement" time="0.010" /><testcase classname="tests.test_run_corpus_r6_fixed_g0_catalog_recovery_v1" name="test_outer_builder_rejects_receipt_identity_not_bound_to_body" time="0.002" /><testcase classname="tests.test_run_corpus_r6_fixed_g0_catalog_recovery_v1" name="test_authoritative_outer_reopen_rejects_corrupt_generation_body" time="0.004" /><testcase classname="tests.test_run_corpus_r6_fixed_g0_catalog_recovery_v1" name="test_outer_manifest_uri_order_is_validated_before_any_inner_binding" time="0.001" /><testcase classname="tests.test_run_corpus_r6_fixed_g0_catalog_recovery_v1" name="test_publication_fresh_and_partial_inner_resume_are_outer_last[0]" time="0.046" /><testcase classname="tests.test_run_corpus_r6_fixed_g0_catalog_recovery_v1" name="test_publication_fresh_and_partial_inner_resume_are_outer_last[12]" time="0.033" /><testcase classname="tests.test_run_corpus_r6_fixed_g0_catalog_recovery_v1" name="test_publication_resumes_after_crash_with_outer_already_created_and_new_head" time="0.059" /><testcase classname="tests.test_run_corpus_r6_fixed_g0_catalog_recovery_v1" name="test_publication_rejects_mutated_occupied_outer" time="0.028" /><testcase classname="tests.test_run_corpus_r6_fixed_g0_catalog_recovery_v1" name="test_terminal_prefix_inventory_rejects_unrelated_extra_object" time="0.003" /><testcase classname="tests.test_run_corpus_r6_fixed_g0_catalog_recovery_v1" name="test_publication_resumes_after_nth_inner_including_release_receipt_crash[1]" time="0.033" /><testcase classname="tests.test_run_corpus_r6_fixed_g0_catalog_recovery_v1" name="test_publication_resumes_after_nth_inner_including_release_receipt_crash[37]" time="0.043" /><testcase classname="tests.test_run_corpus_r6_fixed_g0_catalog_recovery_v1" name="test_publication_resumes_after_nth_inner_including_release_receipt_crash[109]" time="0.058" /><testcase classname="tests.test_run_corpus_r6_fixed_g0_catalog_recovery_v1" name="test_publication_resumes_after_nth_inner_including_release_receipt_crash[110]" time="0.057" /><testcase classname="tests.test_run_corpus_r6_fixed_g0_catalog_recovery_v1" name="test_publication_resumes_sparse_inner_state" time="0.031" /><testcase classname="tests.test_run_corpus_r6_fixed_g0_catalog_recovery_v1" name="test_inner_collision_fails_before_outer_contact" time="0.012" /><testcase classname="tests.test_run_corpus_r6_fixed_g0_catalog_recovery_v1" name="test_pre_root_census_crash_retries_without_outer_contact" time="0.032" /><testcase classname="tests.test_run_corpus_r6_fixed_g0_catalog_recovery_v1" name="test_ambiguous_write_then_raise_and_collision_race_recover_exact_bytes[37]" time="0.069" /><testcase classname="tests.test_run_corpus_r6_fixed_g0_catalog_recovery_v1" name="test_ambiguous_write_then_raise_and_collision_race_recover_exact_bytes[111]" time="0.060" /><testcase classname="tests.test_run_corpus_r6_fixed_g0_catalog_recovery_v1" name="test_ambiguous_unknown_not_absent_is_explicit_in_partial_summary" time="0.005" /><testcase classname="tests.test_run_corpus_r6_fixed_g0_catalog_recovery_v1" name="test_ambiguous_outer_create_reports_unknown_presence_not_absence" time="0.087" /><testcase classname="tests.test_run_corpus_r6_fixed_g0_catalog_recovery_v1" name="test_collision_race_with_different_bytes_is_never_confirmed_present" time="0.033" /><testcase classname="tests.test_run_corpus_r6_fixed_g0_catalog_recovery_v1" name="test_post_root_exact_census_rejects_object_created_after_pre_root_census" time="0.058" /><testcase classname="tests.test_run_corpus_r6_fixed_g0_catalog_recovery_v1" name="test_terminal_list_crash_resumes_existing_exact_outer" time="0.066" /><testcase classname="tests.test_run_corpus_r6_fixed_g0_catalog_recovery_v1" name="test_authoritative_reopen_invokes_inner_chain_and_exact_prefix_census" time="0.024" /></testsuite></testsuites>